https://cos.name/wp-content/uploads/2009/10/2nd-Chinese-R-Conference-SH-poster1.jpg,./2009/10/2nd-Chinese-R-Conference-SH-poster1.jpg,404 warning
https://cos.name/wp-content/uploads/2011/04/%E4%BC%9A%E8%AE%AE%E6%89%8B%E5%86%8C.pdf,./2011/04/会议手册.pdf,404 warning
https://cos.name/wp-content/uploads/2010/10/强大数定律与康托三分集.pdf,./2010/10/强大数定律与康托三分集.pdf,404 warning
https://cos.name/wp-content/uploads/2011/01/R软件在精算教学中的应用案例.pdf,./2011/01/R软件在精算教学中的应用案例.pdf,404 warning
https://cos.name/wp-content/uploads/2011/01/R软件在精算教学中的应用案例（附录）.zip,./2011/01/R软件在精算教学中的应用案例（附录）.zip,404 warning
https://cos.name/wp-content/uploads/2011/02/actuar包学习笔记代码.txt,./2011/02/actuar包学习笔记代码.txt,404 warning
https://cos.name/wp-content/uploads/2011/06/2.-%E6%9D%8E%E6%AC%A3%E6%B5%B7-%E5%B9%BF%E4%B9%89%E7%BA%BF%E6%80%A7%E6%A8%A1%E5%9E%8B.pdf,./2011/06/2.-李欣海-广义线性模型.pdf,404 warning
https://cos.name/wp-content/uploads/2011/06/3.-%E8%82%96%E5%98%89%E6%95%8F-%E5%9F%BA%E4%BA%8ER%E7%9A%84%E7%BD%91%E7%BB%9C%E7%94%A8%E6%88%B7%E8%A1%8C%E4%B8%BA%E7%A0%94%E7%A9%B6.pdf,./2011/06/3.-肖嘉敏-基于R的网络用户行为研究.pdf,404 warning
https://cos.name/wp-content/uploads/2011/06/4.-%E5%BC%A0%E9%87%91%E9%BE%99-R%E4%B8%8E%E8%BF%9B%E5%8C%96%E7%94%9F%E6%80%81%E5%AD%A6_%E7%B3%BB%E7%BB%9F%E5%8F%91%E8%82%B2%E6%AF%94%E8%BE%83%E5%88%86%E6%9E%90%E6%A6%82%E8%BF%B0.ppt,./2011/06/4.-张金龙-R与进化生态学_系统发育比较分析概述.ppt,404 warning
https://cos.name/wp-content/uploads/2011/05/6.-王洪月-SAS-Interation-with-R.ppt,./2011/05/6.-王洪月-SAS-Interation-with-R.ppt,404 warning
https://cos.name/wp-content/uploads/2011/06/7.-%E9%A2%9C%E6%9E%97%E6%9E%97-R%E9%AB%98%E7%BA%A7%E7%BC%96%E7%A8%8B%E6%8A%80%E5%B7%A7%E5%8F%8ARcpp%E7%9A%84%E4%BB%8B%E7%BB%8D.ppt,./2011/06/7.-颜林林-R高级编程技巧及Rcpp的介绍.ppt,404 warning
https://cos.name/wp-content/uploads/2011/06/8.-%E6%9B%B9%E5%AE%97%E5%AF%8C-%E5%9F%BA%E4%BA%8ER_Bioconductor%E8%BF%9B%E8%A1%8C%E7%94%9F%E7%89%A9%E8%8A%AF%E7%89%87%E6%95%B0%E6%8D%AE%E5%88%86%E6%9E%90.ppt,./2011/06/8.-曹宗富-基于R_Bioconductor进行生物芯片数据分析.ppt,404 warning
https://cos.name/wp-content/uploads/2011/06/9.-%E6%9D%8E%E9%A2%96-%E6%8E%A8%E8%BF%9BR%E8%AF%AD%E8%A8%80%E5%9B%BE%E4%B9%A6%E7%9A%84%E5%8F%91%E5%B1%95.ppt,./2011/06/9.-李颖-推进R语言图书的发展.ppt,404 warning
https://cos.name/wp-content/uploads/2011/06/11.-%E6%9E%97%E4%BC%9F%E6%9E%97-R%E5%9C%A8%E9%87%8F%E5%8C%96%E6%8A%95%E8%B5%84%E7%9A%84%E5%BA%94%E7%94%A8.ppt,./2011/06/11.-林伟林-R在量化投资的应用.ppt,404 warning
https://cos.name/wp-content/uploads/2011/06/12.-%E8%83%A1%E6%B1%9F%E5%A0%82-R-versus-SAS.ppt,./2011/06/12.-胡江堂-R-versus-SAS.ppt,404 warning
https://cos.name/wp-content/uploads/2011/06/14.-%E6%9C%B1%E5%89%91%E9%94%8B-R%E5%9C%A8%E5%AE%8F%E5%9F%BA%E5%9B%A0%E7%BB%84%E7%A0%94%E7%A9%B6%E4%B8%AD%E7%9A%84%E5%BA%94%E7%94%A8.pdf,./2011/06/14.-朱剑锋-R在宏基因组研究中的应用.pdf,404 warning
https://cos.name/wp-content/uploads/2011/06/15.-%E8%B5%B5%E6%AF%85-R%E4%B8%8E.NET%E6%B7%B7%E5%90%88%E7%BC%96%E7%A8%8B%E5%8F%8A%E5%85%B6%E5%9C%A8%E5%8C%96%E5%AD%A6%E8%AE%A1%E9%87%8F%E5%AD%A6%E4%B8%AD%E7%9A%84%E5%BA%94%E7%94%A8.pdf,./2011/06/15.-赵毅-R与.NET混合编程及其在化学计量学中的应用.pdf,404 warning
https://cos.name/wp-content/uploads/2011/06/16.-%E5%8D%A2%E4%B8%80%E9%B8%A3-R%C2%8A%E5%9C%A8%E5%9F%BA%E5%9B%A0%E8%8A%AF%E7%89%87%E6%95%B0%E6%8D%AE%E5%A4%84%E7%90%86%E4%B8%AD%E7%9A%84%,./2011/06/16.-卢一鸣-R<U+008A>在基因芯片数据处理中的,error
https://cos.name/wp-content/uploads/2011/06/17.-%E5%BC%A0%E9%9B%AF-R%E8%AF%AD%E8%A8%80%E5%9C%A8%E7%89%A9%E7%A7%8D%E8%BF%9B%E5%8C%96%E5%88%86%E6%9E%90%E4%B8%AD%E7%9A%84%E5%BA%94%E7%94%A8.ppt,./2011/06/17.-张雯-R语言在物种进化分析中的应用.ppt,404 warning
https://cos.name/wp-content/uploads/2011/06/%E7%AC%AC1%E7%AB%A0-%E9%A2%84%E5%A4%87%E7%9F%A5%E8%AF%86.pdf,./2011/06/第1章-预备知识.pdf,404 warning
https://cos.name/wp-content/uploads/2011/06/%E7%AC%AC2%E7%AB%A0-%E9%9A%8F%E6%9C%BA%E8%BF%87%E7%A8%8B%E7%9A%84%E5%9F%BA%E6%9C%AC%E6%A6%82%E5%BF%B5%E5%92%8C%E7%B1%BB%E5%9E%8B.pdf,./2011/06/第2章-随机过程的基本概念和类型.pdf,404 warning
https://cos.name/wp-content/uploads/2011/06/%E7%AC%AC3%E7%AB%A0-Poisson%E8%BF%87%E7%A8%8B.pdf,./2011/06/第3章-Poisson过程.pdf,404 warning
https://cos.name/wp-content/uploads/2011/06/%E7%AC%AC4%E7%AB%A0-%E6%9B%B4%E6%96%B0%E8%BF%87%E7%A8%8B.pdf,./2011/06/第4章-更新过程.pdf,404 warning
https://cos.name/wp-content/uploads/2011/06/%E7%AC%AC5%E7%AB%A0-Markov%E9%93%BE.pdf,./2011/06/第5章-Markov链.pdf,404 warning
https://cos.name/wp-content/uploads/2011/06/%E7%AC%AC6%E7%AB%A0-%E9%9E%85.pdf,./2011/06/第6章-鞅.pdf,404 warning
https://cos.name/wp-content/uploads/2011/06/%E7%AC%AC7%E7%AB%A0-Brown%E8%BF%90%E5%8A%A8.pdf,./2011/06/第7章-Brown运动.pdf,404 warning
https://cos.name/wp-content/uploads/2011/06/%E7%AC%AC8%E7%AB%A0-%E9%9A%8F%E6%9C%BA%E7%A7%AF%E5%88%86.pdf,./2011/06/第8章-随机积分.pdf,404 warning
https://cos.name/wp-content/uploads/2011/06/2008+%E5%BA%94%E7%94%A8%E9%9A%8F%E6%9C%BA%E8%BF%87%E7%A8%8B%E8%80%83%E9%A2%98.pdf,./2011/06/2008+应用随机过程考题.pdf,404 warning
https://cos.name/wp-content/uploads/2011/06/%E5%BA%94%E7%94%A8%E9%9A%8F%E6%9C%BA%E8%BF%87%E7%A8%8B1.doc,./2011/06/应用随机过程1.doc,404 warning
https://cos.name/wp-content/uploads/2011/06/2010+%E5%BA%94%E7%94%A8%E9%9A%8F%E6%9C%BA%E8%BF%87%E7%A8%8B%E8%80%83%E9%A2%98.pdf,./2011/06/2010+应用随机过程考题.pdf,404 warning
https://cos.name/wp-content/uploads/2011/11/分组检测方法和binGroup包.pdf,./2011/11/分组检测方法和binGroup包.pdf,404 warning
https://cos.name/wp-content/uploads/2012/05/30分钟学会ggplot2.pdf,./2012/05/30分钟学会ggplot2.pdf,404 warning
https://cos.name/wp-content/uploads/2012/08/复合泊松破产模型的推广和R语言环境下的随机模拟.pdf,./2012/08/复合泊松破产模型的推广和R语言环境下的随机模拟.pdf,404 warning
https://cos.name/wp-content/uploads/2016/05/pan_1-2.png,./2016/05/pan_1-2.png,404 warning
https://cos.name/wp-content/uploads/2016/05/pan_1.png,./2016/05/pan_1.png,404 warning